    OpenRGB v0.91
    Commit: c84932df4625b9f8028b0352ce5d7247de8099c1 from 2024-09-11 16:42:11 +0000
    Launched: 20240913_163821
====================================================================================================

1044  |Info:    Saving detector settings
1045  |Info:    Initializing HID interfaces: Success
1045  |Info:    ------------------------------------------------------
1046  |Info:    |               Start device detection               |
1046  |Info:    ------------------------------------------------------
1057  |Info:    ------------------------------------------------------
1057  |Info:    |             Detecting I2C interfaces               |
1057  |Info:    ------------------------------------------------------
1057  |Info:    Registering I2C interface: /dev/i2c-3 Device 8086:46D1 Subsystem: 8086:7270
1057  |Info:    Registering I2C interface: /dev/i2c-10 Device 8086:54A3 Subsystem: 8086:7270
1057  |Info:    Registering I2C interface: /dev/i2c-1 Device 8086:46D1 Subsystem: 8086:7270
1057  |Info:    Registering I2C interface: /dev/i2c-8 Device 8086:46D1 Subsystem: 8086:7270
1058  |Info:    Registering I2C interface: /dev/i2c-6 Device 8086:46D1 Subsystem: 8086:7270
1058  |Info:    Registering I2C interface: /dev/i2c-4 Device 8086:46D1 Subsystem: 8086:7270
1058  |Info:    Registering I2C interface: /dev/i2c-2 Device 8086:46D1 Subsystem: 8086:7270
1058  |Info:    Registering I2C interface: /dev/i2c-0 Device 8086:46D1 Subsystem: 8086:7270
1058  |Warning: [i2c_smbus_linux] Failed to read i2c device PCI device ID
1058  |Info:    Registering I2C interface: /dev/i2c-9 Device 0000:0000 Subsystem: 0000:0000
1058  |Info:    Registering I2C interface: /dev/i2c-7 Device 8086:46D1 Subsystem: 8086:7270
1059  |Info:    Registering I2C interface: /dev/i2c-5 Device 8086:46D1 Subsystem: 8086:7270
1059  |Info:    ------------------------------------------------------
1059  |Info:    |               Detecting I2C devices                |
1059  |Info:    ------------------------------------------------------
1066  |Info:    ------------------------------------------------------
1066  |Info:    |               Detecting I2C PCI devices            |
1066  |Info:    ------------------------------------------------------
1067  |Info:    ------------------------------------------------------
1067  |Info:    |               Detecting HID devices                |
1067  |Info:    ------------------------------------------------------
1071  |Info:    ------------------------------------------------------
1071  |Info:    |            Detecting libusb HID devices            |
1071  |Info:    ------------------------------------------------------
1080  |Info:    ------------------------------------------------------
1080  |Info:    |              Detecting other devices               |
1080  |Info:    ------------------------------------------------------
1095  |Info:    ------------------------------------------------------
1095  |Info:    |                Detection completed                 |
1095  |Info:    ------------------------------------------------------
1095  |Dialog:  <h2>WARNING:</h2><p>The OpenRGB udev rules are not installed.</p><p>Most devices will not be available unless running OpenRGB as root.</p><p>If using AppImage, Flatpak, or self-compiled versions of OpenRGB you must install the udev rules manually</p><p>See <a href='https://openrgb.org/udev'>https://openrgb.org/udev</a> to install the udev rules manually</p>
6914  |Info:    Initializing HID interfaces: Success
6914  |Info:    ------------------------------------------------------
6914  |Info:    |               Start device detection               |
6914  |Info:    ------------------------------------------------------
6927  |Info:    ------------------------------------------------------
6928  |Info:    |             Detecting I2C interfaces               |
6928  |Info:    ------------------------------------------------------
6928  |Info:    Registering I2C interface: /dev/i2c-3 Device 8086:46D1 Subsystem: 8086:7270
6928  |Info:    Registering I2C interface: /dev/i2c-10 Device 8086:54A3 Subsystem: 8086:7270
6928  |Info:    Registering I2C interface: /dev/i2c-1 Device 8086:46D1 Subsystem: 8086:7270
6928  |Info:    Registering I2C interface: /dev/i2c-8 Device 8086:46D1 Subsystem: 8086:7270
6928  |Info:    Registering I2C interface: /dev/i2c-6 Device 8086:46D1 Subsystem: 8086:7270
6929  |Info:    Registering I2C interface: /dev/i2c-4 Device 8086:46D1 Subsystem: 8086:7270
6929  |Info:    Registering I2C interface: /dev/i2c-2 Device 8086:46D1 Subsystem: 8086:7270
6929  |Info:    Registering I2C interface: /dev/i2c-0 Device 8086:46D1 Subsystem: 8086:7270
6929  |Warning: [i2c_smbus_linux] Failed to read i2c device PCI device ID
6929  |Info:    Registering I2C interface: /dev/i2c-9 Device 0000:0000 Subsystem: 0000:0000
6929  |Info:    Registering I2C interface: /dev/i2c-7 Device 8086:46D1 Subsystem: 8086:7270
6929  |Info:    Registering I2C interface: /dev/i2c-5 Device 8086:46D1 Subsystem: 8086:7270
6929  |Info:    ------------------------------------------------------
6929  |Info:    |               Detecting I2C devices                |
6929  |Info:    ------------------------------------------------------
6933  |Info:    ------------------------------------------------------
6933  |Info:    |               Detecting I2C PCI devices            |
6933  |Info:    ------------------------------------------------------
6936  |Info:    ------------------------------------------------------
6936  |Info:    |               Detecting HID devices                |
6936  |Info:    ------------------------------------------------------
6947  |Info:    ------------------------------------------------------
6947  |Info:    |            Detecting libusb HID devices            |
6947  |Info:    ------------------------------------------------------
6948  |Info:    ------------------------------------------------------
6948  |Info:    |              Detecting other devices               |
6948  |Info:    ------------------------------------------------------
6951  |Info:    ------------------------------------------------------
6951  |Info:    |                Detection completed                 |
6951  |Info:    ------------------------------------------------------
6951  |Dialog:  <h2>WARNING:</h2><p>The OpenRGB udev rules are not installed.</p><p>Most devices will not be available unless running OpenRGB as root.</p><p>If using AppImage, Flatpak, or self-compiled versions of OpenRGB you must install the udev rules manually</p><p>See <a href='https://openrgb.org/udev'>https://openrgb.org/udev</a> to install the udev rules manually</p>
